<?xml version="1.0" encoding="UTF-8"?>
<testsuite name="com.ma.raymond.vinance.utils.TestMyMath" tests="4" skipped="0" failures="0" errors="0" timestamp="2019-11-14T02:50:29" hostname="DESKTOP-5JI6M98" time="0.001">
  <properties/>
  <testcase name="testRoundNegative" classname="com.ma.raymond.vinance.utils.TestMyMath" time="0.0"/>
  <testcase name="testRound0" classname="com.ma.raymond.vinance.utils.TestMyMath" time="0.0"/>
  <testcase name="testRound1" classname="com.ma.raymond.vinance.utils.TestMyMath" time="0.0"/>
  <testcase name="testRound2" classname="com.ma.raymond.vinance.utils.TestMyMath" time="0.0"/>
  <system-out><![CDATA[1500.0
1500.1
1500.12
]]></system-out>
  <system-err><![CDATA[]]></system-err>
</testsuite>
