<?xml version="1.0" encoding="UTF-8"?>
<testsuite name="com.ma.raymond.vinance.TestFRA" tests="1" skipped="0" failures="0" errors="0" timestamp="2019-11-14T02:50:29" hostname="DESKTOP-5JI6M98" time="0.0">
  <properties/>
  <testcase name="testSettlment" classname="com.ma.raymond.vinance.TestFRA" time="0.0"/>
  <system-out><![CDATA[]]></system-out>
  <system-err><![CDATA[]]></system-err>
</testsuite>
